Started GET "/" for ::1 at 2020-12-05 03:15:37 +0200
  [1m[35m (3.4ms)[0m  [1m[34mSELECT sqlite_version(*)[0m
Processing by Rails::WelcomeController#index as HTML
  Rendering C:/Ruby27-x64/lib/ruby/gems/2.7.0/gems/railties-6.0.3.4/lib/rails/templates/rails/welcome/index.html.erb
  Rendered C:/Ruby27-x64/lib/ruby/gems/2.7.0/gems/railties-6.0.3.4/lib/rails/templates/rails/welcome/index.html.erb (Duration: 30.3ms | Allocations: 426)
Completed 200 OK in 97ms (Views: 69.6ms | ActiveRecord: 0.0ms | Allocations: 2519)


Started GET "/" for ::1 at 2020-12-05 03:22:25 +0200
  [1m[35m (0.6ms)[0m  [1m[34mSELECT sqlite_version(*)[0m
  
SyntaxError (C:/Users/Ivan/Desktop/lab/rubybox/lab5/app/controllers/posts_controller.rb:5: syntax error, unexpected end-of-input):
  
app/controllers/posts_controller.rb:5: syntax error, unexpected end-of-input
app/controllers/posts_controller.rb:5: syntax error, unexpected end-of-input
app/controllers/posts_controller.rb:5: syntax error, unexpected end-of-input
Started GET "/" for ::1 at 2020-12-05 03:22:56 +0200
  [1m[35m (0.1ms)[0m  [1m[34mSELECT sqlite_version(*)[0m
Processing by PostsController#index as HTML
  Rendering posts/index.html.erb within layouts/application
  Rendered posts/index.html.erb within layouts/application (Duration: 0.4ms | Allocations: 80)
[Webpacker] Compiling...
[Webpacker] Compiled all packs in C:/Users/Ivan/Desktop/lab/rubybox/lab5/public/packs
[Webpacker] Hash: 15d1bb7b54cf6326b9ba
Version: webpack 4.44.2
Time: 3489ms
Built at: 05.12.2020 03:23:05
                                     Asset       Size       Chunks                         Chunk Names
    js/application-9afcbb5693aa87623e69.js    124 KiB  application  [emitted] [immutable]  application
js/application-9afcbb5693aa87623e69.js.map    139 KiB  application  [emitted] [dev]        application
                             manifest.json  364 bytes               [emitted]              
Entrypoint application = js/application-9afcbb5693aa87623e69.js js/application-9afcbb5693aa87623e69.js.map
[./app/javascript/channels sync recursive _channel\.js$] ./app/javascript/channels sync _channel\.js$ 160 bytes {application} [built]
[./app/javascript/channels/index.js] 211 bytes {application} [built]
[./app/javascript/packs/application.js] 749 bytes {application} [built]
[./node_modules/webpack/buildin/module.js] (webpack)/buildin/module.js 552 bytes {application} [built]
    + 3 hidden modules

Completed 200 OK in 8749ms (Views: 8746.3ms | ActiveRecord: 0.0ms | Allocations: 21353)


Started GET "/" for ::1 at 2020-12-05 20:15:50 +0200
  [1m[35m (16.8ms)[0m  [1m[34mSELECT sqlite_version(*)[0m
Processing by PostsController#index as HTML
  Rendering posts/index.html.erb within layouts/application
  Rendered posts/index.html.erb within layouts/application (Duration: 4.2ms | Allocations: 193)
[Webpacker] Everything's up-to-date. Nothing to do
Completed 200 OK in 247ms (Views: 217.2ms | ActiveRecord: 0.0ms | Allocations: 8367)


